2026-02-20 15:06:46 - INFO - Combined_server:save_all_data_on_exit:161 - 开始保存所有数据（退出钩子）
2026-02-20 15:06:46 - INFO - Combined_server:save_all_data_on_exit:164 - 个人消息保存完成
2026-02-20 15:06:46 - INFO - Combined_server:save_all_data_on_exit:166 - 群消息保存完成
2026-02-20 15:06:46 - INFO - Combined_server:save_all_data_on_exit:168 - 用户数据保存完成
2026-02-20 15:06:46 - INFO - Combined_server:save_all_data_on_exit:170 - 群组数据保存完成
2026-02-20 15:06:46 - INFO - Combined_server:save_all_data_on_exit:172 - 帖子数据保存完成
2026-02-20 15:06:46 - INFO - Combined_server:save_all_data_on_exit:173 - 所有数据保存成功
2026-02-20 15:08:01 - INFO - Combined_server:save_all_data_on_exit:161 - 开始保存所有数据（退出钩子）
2026-02-20 15:08:01 - INFO - Combined_server:save_all_data_on_exit:164 - 个人消息保存完成
2026-02-20 15:08:01 - INFO - Combined_server:save_all_data_on_exit:166 - 群消息保存完成
2026-02-20 15:08:01 - INFO - Combined_server:save_all_data_on_exit:168 - 用户数据保存完成
2026-02-20 15:08:01 - INFO - Combined_server:save_all_data_on_exit:170 - 群组数据保存完成
2026-02-20 15:08:01 - INFO - Combined_server:save_all_data_on_exit:172 - 帖子数据保存完成
2026-02-20 15:08:01 - INFO - Combined_server:save_all_data_on_exit:173 - 所有数据保存成功
2026-02-20 15:08:25 - WARNING - Combined_server:load_all_data_on_start:135 - ❌ 案号文件不存在: D:\项目：ai法律平台\聊天和用户后端\数据\案号.xlsx
2026-02-20 15:08:25 - INFO - Combined_server:load_all_data_on_start:152 - 所有数据加载成功
2026-02-20 15:08:39 - INFO - Combined_server:save_all_data_on_exit:161 - 开始保存所有数据（退出钩子）
2026-02-20 15:08:39 - INFO - Combined_server:save_all_data_on_exit:164 - 个人消息保存完成
2026-02-20 15:08:39 - INFO - Combined_server:save_all_data_on_exit:166 - 群消息保存完成
2026-02-20 15:08:39 - INFO - Combined_server:save_all_data_on_exit:168 - 用户数据保存完成
2026-02-20 15:08:39 - INFO - Combined_server:save_all_data_on_exit:170 - 群组数据保存完成
2026-02-20 15:08:39 - INFO - Combined_server:save_all_data_on_exit:172 - 帖子数据保存完成
2026-02-20 15:08:39 - INFO - Combined_server:save_all_data_on_exit:173 - 所有数据保存成功
2026-02-20 15:08:39 - INFO - Combined_server:save_all_data_on_exit:161 - 开始保存所有数据（退出钩子）
2026-02-20 15:08:39 - INFO - Combined_server:save_all_data_on_exit:164 - 个人消息保存完成
2026-02-20 15:08:39 - INFO - Combined_server:save_all_data_on_exit:166 - 群消息保存完成
2026-02-20 15:08:39 - INFO - Combined_server:save_all_data_on_exit:168 - 用户数据保存完成
2026-02-20 15:08:39 - INFO - Combined_server:save_all_data_on_exit:170 - 群组数据保存完成
2026-02-20 15:08:39 - INFO - Combined_server:save_all_data_on_exit:172 - 帖子数据保存完成
2026-02-20 15:08:39 - INFO - Combined_server:save_all_data_on_exit:173 - 所有数据保存成功
2026-02-20 15:08:39 - INFO - Combined_server:save_all_data_on_exit:161 - 开始保存所有数据（退出钩子）
2026-02-20 15:08:39 - INFO - Combined_server:save_all_data_on_exit:164 - 个人消息保存完成
2026-02-20 15:08:39 - INFO - Combined_server:save_all_data_on_exit:166 - 群消息保存完成
2026-02-20 15:08:39 - INFO - Combined_server:save_all_data_on_exit:168 - 用户数据保存完成
2026-02-20 15:08:39 - INFO - Combined_server:save_all_data_on_exit:170 - 群组数据保存完成
2026-02-20 15:08:39 - INFO - Combined_server:save_all_data_on_exit:172 - 帖子数据保存完成
2026-02-20 15:08:39 - INFO - Combined_server:save_all_data_on_exit:173 - 所有数据保存成功
